<?xml version="1.0" encoding="UTF-8"?>
<testng-results ignored="0" total="1" passed="1" failed="0" skipped="0">
  <reporter-output>
  </reporter-output>
  <suite started-at="2023-10-17T12:12:24 IST" name="Suite" finished-at="2023-10-17T12:12:37 IST" duration-ms="12921">
    <groups>
    </groups>
    <test started-at="2023-10-17T12:12:24 IST" name="Test" finished-at="2023-10-17T12:12:37 IST" duration-ms="12921">
      <class name="e2e.uiAutomationNew.AppTest">
        <test-method signature="verifyUiLaunch()[pri:0, instance:e2e.uiAutomationNew.AppTest@662ac478]" started-at="2023-10-17T12:12:24 IST" name="verifyUiLaunch" finished-at="2023-10-17T12:12:37 IST" duration-ms="12895" status="PASS">
          <reporter-output>
          </reporter-output>
        </test-method> <!-- verifyUiLaunch -->
      </class> <!-- e2e.uiAutomationNew.AppTest -->
    </test> <!-- Test -->
  </suite> <!-- Suite -->
</testng-results>
