<?xml version="1.0" encoding="UTF-8"?>
<testng-results skipped="0" failed="0" ignored="0" total="1" passed="1">
  <reporter-output>
  </reporter-output>
  <suite name="Suite" duration-ms="11565" started-at="2023-10-16T17:54:00 IST" finished-at="2023-10-16T17:54:11 IST">
    <groups>
    </groups>
    <test name="Test" duration-ms="11565" started-at="2023-10-16T17:54:00 IST" finished-at="2023-10-16T17:54:11 IST">
      <class name="e2e.uiAutomationNew.AppTest">
        <test-method status="PASS" signature="verifyUiLaunch()[pri:0, instance:e2e.uiAutomationNew.AppTest@192b07fd]" name="verifyUiLaunch" duration-ms="11539" started-at="2023-10-16T17:54:00 IST" finished-at="2023-10-16T17:54:11 IST">
          <reporter-output>
          </reporter-output>
        </test-method> <!-- verifyUiLaunch -->
      </class> <!-- e2e.uiAutomationNew.AppTest -->
    </test> <!-- Test -->
  </suite> <!-- Suite -->
</testng-results>
