<?xml version="1.0" encoding="UTF-8"?>
<testng-results ignored="0" total="1" passed="1" failed="0" skipped="0">
  <reporter-output>
  </reporter-output>
  <suite started-at="2023-10-20T15:32:31 IST" name="Default suite" finished-at="2023-10-20T15:32:48 IST" duration-ms="17199">
    <groups>
    </groups>
    <test started-at="2023-10-20T15:32:31 IST" name="Default test" finished-at="2023-10-20T15:32:48 IST" duration-ms="17199">
      <class name="e2e.uiAutomationNew.AppTest">
        <test-method signature="verifyUiLaunch()[pri:0, instance:e2e.uiAutomationNew.AppTest@3a6bb9bf]" started-at="2023-10-20T15:32:31 IST" name="verifyUiLaunch" finished-at="2023-10-20T15:32:48 IST" duration-ms="17167" status="PASS">
          <reporter-output>
          </reporter-output>
        </test-method> <!-- verifyUiLaunch -->
      </class> <!-- e2e.uiAutomationNew.AppTest -->
    </test> <!-- Default test -->
  </suite> <!-- Default suite -->
</testng-results>
